# JRE version: Java(TM) SE Runtime Environment (9.0+11) (build 9.0.4+11)
# Java VM: Java HotSpot(TM) 64-Bit Server VM (9.0.4+11, mixed mode, tiered, compressed oops, g1 gc, windows-amd64)
Heap:
 garbage-first heap   total 131072K, used 14858K [0x0000000081a00000, 0x0000000081b00400, 0x0000000100000000)
  region size 1024K, 10 young (10240K), 2 survivors (2048K)
 Metaspace       used 18779K, capacity 19682K, committed 20096K, reserved 1067008K
  class space    used 1904K, capacity 2109K, committed 2176K, reserved 1048576K
GC Heap History (8 events):
Event: 0.956 GC heap before
{Heap before GC invocations=0 (full 0):
 garbage-first heap   total 131072K, used 7168K [0x0000000081a00000, 0x0000000081b00400, 0x0000000100000000)
  region size 1024K, 7 young (7168K), 0 survivors (0K)
 Metaspace       used 9776K, capacity 10418K, committed 10496K, reserved 1058816K
  class space    used 1117K, capacity 1276K, committed 1280K, reserved 1048576K
}
Event: 0.962 GC heap after
{Heap after GC invocations=1 (full 0):
 garbage-first heap   total 131072K, used 2091K [0x0000000081a00000, 0x0000000081b00400, 0x0000000100000000)
  region size 1024K, 1 young (1024K), 1 survivors (1024K)
 Metaspace       used 9776K, capacity 10418K, committed 10496K, reserved 1058816K
  class space    used 1117K, capacity 1276K, committed 1280K, reserved 1048576K
}
Event: 1.166 GC heap before
{Heap before GC invocations=1 (full 0):
 garbage-first heap   total 131072K, used 7211K [0x0000000081a00000, 0x0000000081b00400, 0x0000000100000000)
  region size 1024K, 6 young (6144K), 1 survivors (1024K)
 Metaspace       used 11449K, capacity 12276K, committed 12544K, reserved 1060864K
  class space    used 1317K, capacity 1495K, committed 1536K, reserved 1048576K
}
Event: 1.173 GC heap after
{Heap after GC invocations=2 (full 0):
 garbage-first heap   total 131072K, used 2899K [0x0000000081a00000, 0x0000000081b00400, 0x0000000100000000)
  region size 1024K, 1 young (1024K), 1 survivors (1024K)
 Metaspace       used 11449K, capacity 12276K, committed 12544K, reserved 1060864K
  class space    used 1317K, capacity 1495K, committed 1536K, reserved 1048576K
}
Event: 2.537 GC heap before
{Heap before GC invocations=2 (full 0):
 garbage-first heap   total 131072K, used 17235K [0x0000000081a00000, 0x0000000081b00400, 0x0000000100000000)
  region size 1024K, 14 young (14336K), 1 survivors (1024K)
 Metaspace       used 17144K, capacity 18074K, committed 18304K, reserved 1064960K
  class space    used 1718K, capacity 1905K, committed 1920K, reserved 1048576K
}
Event: 2.548 GC heap after
{Heap after GC invocations=3 (full 0):
 garbage-first heap   total 131072K, used 4915K [0x0000000081a00000, 0x0000000081b00400, 0x0000000100000000)
  region size 1024K, 2 young (2048K), 2 survivors (2048K)
 Metaspace       used 17144K, capacity 18074K, committed 18304K, reserved 1064960K
  class space    used 1718K, capacity 1905K, committed 1920K, reserved 1048576K
}
Event: 2.922 GC heap before
{Heap before GC invocations=3 (full 0):
 garbage-first heap   total 131072K, used 24371K [0x0000000081a00000, 0x0000000081b00400, 0x0000000100000000)
  region size 1024K, 21 young (21504K), 2 survivors (2048K)
 Metaspace       used 17274K, capacity 18170K, committed 18432K, reserved 1064960K
  class space    used 1731K, capacity 1937K, committed 2048K, reserved 1048576K
}
Event: 2.934 GC heap after
{Heap after GC invocations=4 (full 0):
 garbage-first heap   total 131072K, used 5642K [0x0000000081a00000, 0x0000000081b00400, 0x0000000100000000)
  region size 1024K, 2 young (2048K), 2 survivors (2048K)
 Metaspace       used 17274K, capacity 18170K, committed 18432K, reserved 1064960K
  class space    used 1731K, capacity 1937K, committed 2048K, reserved 1048576K
}

