# JRE version: Java(TM) SE Runtime Environment (9.0+11) (build 9.0.4+11)
# Java VM: Java HotSpot(TM) 64-Bit Server VM (9.0.4+11, mixed mode, tiered, compressed oops, g1 gc, windows-amd64)
Heap:
 garbage-first heap   total 131072K, used 11681K [0x0000000081a00000, 0x0000000081b00400, 0x0000000100000000)
  region size 1024K, 7 young (7168K), 2 survivors (2048K)
 Metaspace       used 18776K, capacity 19682K, committed 20096K, reserved 1067008K
  class space    used 1899K, capacity 2109K, committed 2176K, reserved 1048576K
GC Heap History (8 events):
Event: 1.375 GC heap before
{Heap before GC invocations=0 (full 0):
 garbage-first heap   total 131072K, used 7168K [0x0000000081a00000, 0x0000000081b00400, 0x0000000100000000)
  region size 1024K, 7 young (7168K), 0 survivors (0K)
 Metaspace       used 9776K, capacity 10418K, committed 10496K, reserved 1058816K
  class space    used 1117K, capacity 1276K, committed 1280K, reserved 1048576K
}
Event: 1.382 GC heap after
{Heap after GC invocations=1 (full 0):
 garbage-first heap   total 131072K, used 2089K [0x0000000081a00000, 0x0000000081b00400, 0x0000000100000000)
  region size 1024K, 1 young (1024K), 1 survivors (1024K)
 Metaspace       used 9776K, capacity 10418K, committed 10496K, reserved 1058816K
  class space    used 1117K, capacity 1276K, committed 1280K, reserved 1048576K
}
Event: 1.808 GC heap before
{Heap before GC invocations=1 (full 0):
 garbage-first heap   total 131072K, used 7209K [0x0000000081a00000, 0x0000000081b00400, 0x0000000100000000)
  region size 1024K, 6 young (6144K), 1 survivors (1024K)
 Metaspace       used 11453K, capacity 12276K, committed 12544K, reserved 1060864K
  class space    used 1316K, capacity 1495K, committed 1536K, reserved 1048576K
}
Event: 1.816 GC heap after
{Heap after GC invocations=2 (full 0):
 garbage-first heap   total 131072K, used 2786K [0x0000000081a00000, 0x0000000081b00400, 0x0000000100000000)
  region size 1024K, 1 young (1024K), 1 survivors (1024K)
 Metaspace       used 11453K, capacity 12276K, committed 12544K, reserved 1060864K
  class space    used 1316K, capacity 1495K, committed 1536K, reserved 1048576K
}
Event: 4.438 GC heap before
{Heap before GC invocations=2 (full 0):
 garbage-first heap   total 131072K, used 17122K [0x0000000081a00000, 0x0000000081b00400, 0x0000000100000000)
  region size 1024K, 14 young (14336K), 1 survivors (1024K)
 Metaspace       used 17148K, capacity 18074K, committed 18304K, reserved 1064960K
  class space    used 1717K, capacity 1905K, committed 1920K, reserved 1048576K
}
Event: 4.449 GC heap after
{Heap after GC invocations=3 (full 0):
 garbage-first heap   total 131072K, used 4842K [0x0000000081a00000, 0x0000000081b00400, 0x0000000100000000)
  region size 1024K, 2 young (2048K), 2 survivors (2048K)
 Metaspace       used 17148K, capacity 18074K, committed 18304K, reserved 1064960K
  class space    used 1717K, capacity 1905K, committed 1920K, reserved 1048576K
}
Event: 5.025 GC heap before
{Heap before GC invocations=3 (full 0):
 garbage-first heap   total 131072K, used 24298K [0x0000000081a00000, 0x0000000081b00400, 0x0000000100000000)
  region size 1024K, 21 young (21504K), 2 survivors (2048K)
 Metaspace       used 17278K, capacity 18170K, committed 18432K, reserved 1064960K
  class space    used 1730K, capacity 1937K, committed 2048K, reserved 1048576K
}
Event: 5.037 GC heap after
{Heap after GC invocations=4 (full 0):
 garbage-first heap   total 131072K, used 5537K [0x0000000081a00000, 0x0000000081b00400, 0x0000000100000000)
  region size 1024K, 2 young (2048K), 2 survivors (2048K)
 Metaspace       used 17278K, capacity 18170K, committed 18432K, reserved 1064960K
  class space    used 1730K, capacity 1937K, committed 2048K, reserved 1048576K
}

