# JRE version: Java(TM) SE Runtime Environment (9.0+11) (build 9.0.4+11)
# Java VM: Java HotSpot(TM) 64-Bit Server VM (9.0.4+11, mixed mode, tiered, compressed oops, g1 gc, windows-amd64)
Heap:
 garbage-first heap   total 131072K, used 12640K [0x0000000081a00000, 0x0000000081b00400, 0x0000000100000000)
  region size 1024K, 8 young (8192K), 2 survivors (2048K)
 Metaspace       used 18774K, capacity 19682K, committed 20096K, reserved 1067008K
  class space    used 1899K, capacity 2109K, committed 2176K, reserved 1048576K
GC Heap History (8 events):
Event: 1.350 GC heap before
{Heap before GC invocations=0 (full 0):
 garbage-first heap   total 131072K, used 7168K [0x0000000081a00000, 0x0000000081b00400, 0x0000000100000000)
  region size 1024K, 7 young (7168K), 0 survivors (0K)
 Metaspace       used 10194K, capacity 10866K, committed 11136K, reserved 1058816K
  class space    used 1168K, capacity 1340K, committed 1408K, reserved 1048576K
}
Event: 1.357 GC heap after
{Heap after GC invocations=1 (full 0):
 garbage-first heap   total 131072K, used 2132K [0x0000000081a00000, 0x0000000081b00400, 0x0000000100000000)
  region size 1024K, 1 young (1024K), 1 survivors (1024K)
 Metaspace       used 10194K, capacity 10866K, committed 11136K, reserved 1058816K
  class space    used 1168K, capacity 1340K, committed 1408K, reserved 1048576K
}
Event: 1.978 GC heap before
{Heap before GC invocations=1 (full 0):
 garbage-first heap   total 131072K, used 8276K [0x0000000081a00000, 0x0000000081b00400, 0x0000000100000000)
  region size 1024K, 7 young (7168K), 1 survivors (1024K)
 Metaspace       used 12631K, capacity 13506K, committed 13696K, reserved 1060864K
  class space    used 1451K, capacity 1647K, committed 1664K, reserved 1048576K
}
Event: 1.986 GC heap after
{Heap after GC invocations=2 (full 0):
 garbage-first heap   total 131072K, used 3126K [0x0000000081a00000, 0x0000000081b00400, 0x0000000100000000)
  region size 1024K, 1 young (1024K), 1 survivors (1024K)
 Metaspace       used 12631K, capacity 13506K, committed 13696K, reserved 1060864K
  class space    used 1451K, capacity 1647K, committed 1664K, reserved 1048576K
}
Event: 2.776 GC heap before
{Heap before GC invocations=2 (full 0):
 garbage-first heap   total 131072K, used 17462K [0x0000000081a00000, 0x0000000081b00400, 0x0000000100000000)
  region size 1024K, 14 young (14336K), 1 survivors (1024K)
 Metaspace       used 17133K, capacity 18010K, committed 18304K, reserved 1064960K
  class space    used 1717K, capacity 1905K, committed 1920K, reserved 1048576K
}
Event: 2.786 GC heap after
{Heap after GC invocations=3 (full 0):
 garbage-first heap   total 131072K, used 4794K [0x0000000081a00000, 0x0000000081b00400, 0x0000000100000000)
  region size 1024K, 2 young (2048K), 2 survivors (2048K)
 Metaspace       used 17133K, capacity 18010K, committed 18304K, reserved 1064960K
  class space    used 1717K, capacity 1905K, committed 1920K, reserved 1048576K
}
Event: 3.150 GC heap before
{Heap before GC invocations=3 (full 0):
 garbage-first heap   total 131072K, used 22202K [0x0000000081a00000, 0x0000000081b00400, 0x0000000100000000)
  region size 1024K, 19 young (19456K), 2 survivors (2048K)
 Metaspace       used 17263K, capacity 18170K, committed 18432K, reserved 1064960K
  class space    used 1730K, capacity 1937K, committed 2048K, reserved 1048576K
}
Event: 3.162 GC heap after
{Heap after GC invocations=4 (full 0):
 garbage-first heap   total 131072K, used 5472K [0x0000000081a00000, 0x0000000081b00400, 0x0000000100000000)
  region size 1024K, 2 young (2048K), 2 survivors (2048K)
 Metaspace       used 17263K, capacity 18170K, committed 18432K, reserved 1064960K
  class space    used 1730K, capacity 1937K, committed 2048K, reserved 1048576K
}

